# JRE version: OpenJDK Runtime Environment GraalVM CE 22.3.0 (17.0.5+8) (build 17.0.5+8-jvmci-22.3-b08)
# Java VM: OpenJDK 64-Bit Server VM GraalVM CE 22.3.0 (17.0.5+8-jvmci-22.3-b08, mixed mode, sharing, tiered, jvmci, jvmci compiler, compressed oops, compressed class ptrs, parallel gc, linux-amd64)
GC Precious Log:
 CPUs: 8 total, 1 available
 Memory: 1024M
 Large Page Support: Disabled
 NUMA Support: Disabled
 Compressed Oops: Enabled (32-bit)
 Alignments: Space 512K, Generation 512K, Heap 2M
 Heap Min Capacity: 100M
 Heap Initial Capacity: 100M
 Heap Max Capacity: 512M
 Pre-touch: Disabled
 Parallel Workers: 1
Heap:
 PSYoungGen      total 34304K, used 25599K [0x00000000f5580000, 0x00000000f8480000, 0x0000000100000000)
  eden space 25600K, 99% used [0x00000000f5580000,0x00000000f6e7fff8,0x00000000f6e80000)
  from space 8704K, 0% used [0x00000000f7c00000,0x00000000f7c00000,0x00000000f8480000)
  to   space 10752K, 0% used [0x00000000f6e80000,0x00000000f6e80000,0x00000000f7900000)
 ParOldGen       total 349696K, used 349695K [0x00000000e0000000, 0x00000000f5580000, 0x00000000f5580000)
  object space 349696K, 99% used [0x00000000e0000000,0x00000000f557fff8,0x00000000f5580000)
 Metaspace       used 55697K, committed 56512K, reserved 1105920K
  class space    used 5465K, committed 5760K, reserved 1048576K
GC Heap History (20 events):
Event: 1164.683 GC heap before
{Heap before GC invocations=691 (full 611):
 PSYoungGen      total 34304K, used 25600K [0x00000000f5580000, 0x00000000f8480000, 0x0000000100000000)
  eden space 25600K, 100% used [0x00000000f5580000,0x00000000f6e80000,0x00000000f6e80000)
  from space 8704K, 0% used [0x00000000f7c00000,0x00000000f7c00000,0x00000000f8480000)
  to   space 10752K, 0% used [0x00000000f6e80000,0x00000000f6e80000,0x00000000f7900000)
 ParOldGen       total 349696K, used 349694K [0x00000000e0000000, 0x00000000f5580000, 0x00000000f5580000)
  object space 349696K, 99% used [0x00000000e0000000,0x00000000f557fbe8,0x00000000f5580000)
 Metaspace       used 55697K, committed 56512K, reserved 1105920K
  class space    used 5465K, committed 5760K, reserved 1048576K
}
Event: 1166.081 GC heap after
{Heap after GC invocations=691 (full 611):
 PSYoungGen      total 36352K, used 25600K [0x00000000f5580000, 0x00000000f8480000, 0x0000000100000000)
  eden space 25600K, 100% used [0x00000000f5580000,0x00000000f6e80000,0x00000000f6e80000)
  from space 10752K, 0% used [0x00000000f6e80000,0x00000000f6e80000,0x00000000f7900000)
  to   space 8704K, 0% used [0x00000000f7c00000,0x00000000f7c00000,0x00000000f8480000)
 ParOldGen       total 349696K, used 349694K [0x00000000e0000000, 0x00000000f5580000, 0x00000000f5580000)
  object space 349696K, 99% used [0x00000000e0000000,0x00000000f557fbd0,0x00000000f5580000)
 Metaspace       used 55697K, committed 56512K, reserved 1105920K
  class space    used 5465K, committed 5760K, reserved 1048576K
}
Event: 1166.082 GC heap before
{Heap before GC invocations=692 (full 612):
 PSYoungGen      total 36352K, used 25600K [0x00000000f5580000, 0x00000000f8480000, 0x0000000100000000)
  eden space 25600K, 100% used [0x00000000f5580000,0x00000000f6e80000,0x00000000f6e80000)
  from space 10752K, 0% used [0x00000000f6e80000,0x00000000f6e80000,0x00000000f7900000)
  to   space 8704K, 0% used [0x00000000f7c00000,0x00000000f7c00000,0x00000000f8480000)
 ParOldGen       total 349696K, used 349695K [0x00000000e0000000, 0x00000000f5580000, 0x00000000f5580000)
  object space 349696K, 99% used [0x00000000e0000000,0x00000000f557fff0,0x00000000f5580000)
 Metaspace       used 55697K, committed 56512K, reserved 1105920K
  class space    used 5465K, committed 5760K, reserved 1048576K
}
Event: 1167.300 GC heap after
{Heap after GC invocations=692 (full 612):
 PSYoungGen      total 34304K, used 25600K [0x00000000f5580000, 0x00000000f8480000, 0x0000000100000000)
  eden space 25600K, 100% used [0x00000000f5580000,0x00000000f6e80000,0x00000000f6e80000)
  from space 8704K, 0% used [0x00000000f7c00000,0x00000000f7c00000,0x00000000f8480000)
  to   space 10752K, 0% used [0x00000000f6e80000,0x00000000f6e80000,0x00000000f7900000)
 ParOldGen       total 349696K, used 349695K [0x00000000e0000000, 0x00000000f5580000, 0x00000000f5580000)
  object space 349696K, 99% used [0x00000000e0000000,0x00000000f557fff0,0x00000000f5580000)
 Metaspace       used 55697K, committed 56512K, reserved 1105920K
  class space    used 5465K, committed 5760K, reserved 1048576K
}
Event: 1167.300 GC heap before
{Heap before GC invocations=693 (full 613):
 PSYoungGen      total 34304K, used 25600K [0x00000000f5580000, 0x00000000f8480000, 0x0000000100000000)
  eden space 25600K, 100% used [0x00000000f5580000,0x00000000f6e80000,0x00000000f6e80000)
  from space 8704K, 0% used [0x00000000f7c00000,0x00000000f7c00000,0x00000000f8480000)
  to   space 10752K, 0% used [0x00000000f6e80000,0x00000000f6e80000,0x00000000f7900000)
 ParOldGen       total 349696K, used 349695K [0x00000000e0000000, 0x00000000f5580000, 0x00000000f5580000)
  object space 349696K, 99% used [0x00000000e0000000,0x00000000f557fff0,0x00000000f5580000)
 Metaspace       used 55697K, committed 56512K, reserved 1105920K
  class space    used 5465K, committed 5760K, reserved 1048576K
}
Event: 1168.510 GC heap after
{Heap after GC invocations=693 (full 613):
 PSYoungGen      total 36352K, used 25599K [0x00000000f5580000, 0x00000000f8480000, 0x0000000100000000)
  eden space 25600K, 99% used [0x00000000f5580000,0x00000000f6e7ff78,0x00000000f6e80000)
  from space 10752K, 0% used [0x00000000f6e80000,0x00000000f6e80000,0x00000000f7900000)
  to   space 8704K, 0% used [0x00000000f7c00000,0x00000000f7c00000,0x00000000f8480000)
 ParOldGen       total 349696K, used 349694K [0x00000000e0000000, 0x00000000f5580000, 0x00000000f5580000)
  object space 349696K, 99% used [0x00000000e0000000,0x00000000f557fb68,0x00000000f5580000)
 Metaspace       used 55697K, committed 56512K, reserved 1105920K
  class space    used 5465K, committed 5760K, reserved 1048576K
}
Event: 1168.556 GC heap before
{Heap before GC invocations=694 (full 614):
 PSYoungGen      total 36352K, used 25599K [0x00000000f5580000, 0x00000000f8480000, 0x0000000100000000)
  eden space 25600K, 99% used [0x00000000f5580000,0x00000000f6e7fff8,0x00000000f6e80000)
  from space 10752K, 0% used [0x00000000f6e80000,0x00000000f6e80000,0x00000000f7900000)
  to   space 8704K, 0% used [0x00000000f7c00000,0x00000000f7c00000,0x00000000f8480000)
 ParOldGen       total 349696K, used 349695K [0x00000000e0000000, 0x00000000f5580000, 0x00000000f5580000)
  object space 349696K, 99% used [0x00000000e0000000,0x00000000f557fee8,0x00000000f5580000)
 Metaspace       used 55697K, committed 56512K, reserved 1105920K
  class space    used 5465K, committed 5760K, reserved 1048576K
}
Event: 1169.716 GC heap after
{Heap after GC invocations=694 (full 614):
 PSYoungGen      total 34304K, used 25599K [0x00000000f5580000, 0x00000000f8480000, 0x0000000100000000)
  eden space 25600K, 99% used [0x00000000f5580000,0x00000000f6e7fff8,0x00000000f6e80000)
  from space 8704K, 0% used [0x00000000f7c00000,0x00000000f7c00000,0x00000000f8480000)
  to   space 10752K, 0% used [0x00000000f6e80000,0x00000000f6e80000,0x00000000f7900000)
 ParOldGen       total 349696K, used 349695K [0x00000000e0000000, 0x00000000f5580000, 0x00000000f5580000)
  object space 349696K, 99% used [0x00000000e0000000,0x00000000f557fee8,0x00000000f5580000)
 Metaspace       used 55697K, committed 56512K, reserved 1105920K
  class space    used 5465K, committed 5760K, reserved 1048576K
}
Event: 1169.716 GC heap before
{Heap before GC invocations=695 (full 615):
 PSYoungGen      total 34304K, used 25599K [0x00000000f5580000, 0x00000000f8480000, 0x0000000100000000)
  eden space 25600K, 99% used [0x00000000f5580000,0x00000000f6e7fff8,0x00000000f6e80000)
  from space 8704K, 0% used [0x00000000f7c00000,0x00000000f7c00000,0x00000000f8480000)
  to   space 10752K, 0% used [0x00000000f6e80000,0x00000000f6e80000,0x00000000f7900000)
 ParOldGen       total 349696K, used 349695K [0x00000000e0000000, 0x00000000f5580000, 0x00000000f5580000)
  object space 349696K, 99% used [0x00000000e0000000,0x00000000f557fee8,0x00000000f5580000)
 Metaspace       used 55697K, committed 56512K, reserved 1105920K
  class space    used 5465K, committed 5760K, reserved 1048576K
}
Event: 1170.981 GC heap after
{Heap after GC invocations=695 (full 615):
 PSYoungGen      total 36352K, used 25599K [0x00000000f5580000, 0x00000000f8480000, 0x0000000100000000)
  eden space 25600K, 99% used [0x00000000f5580000,0x00000000f6e7fff8,0x00000000f6e80000)
  from space 10752K, 0% used [0x00000000f6e80000,0x00000000f6e80000,0x00000000f7900000)
  to   space 8704K, 0% used [0x00000000f7c00000,0x00000000f7c00000,0x00000000f8480000)
 ParOldGen       total 349696K, used 349695K [0x00000000e0000000, 0x00000000f5580000, 0x00000000f5580000)
  object space 349696K, 99% used [0x00000000e0000000,0x00000000f557fee8,0x00000000f5580000)
 Metaspace       used 55697K, committed 56512K, reserved 1105920K
  class space    used 5465K, committed 5760K, reserved 1048576K
}
Event: 1170.982 GC heap before
{Heap before GC invocations=696 (full 616):
 PSYoungGen      total 36352K, used 25599K [0x00000000f5580000, 0x00000000f8480000, 0x0000000100000000)
  eden space 25600K, 99% used [0x00000000f5580000,0x00000000f6e7fff8,0x00000000f6e80000)
  from space 10752K, 0% used [0x00000000f6e80000,0x00000000f6e80000,0x00000000f7900000)
  to   space 8704K, 0% used [0x00000000f7c00000,0x00000000f7c00000,0x00000000f8480000)
 ParOldGen       total 349696K, used 349695K [0x00000000e0000000, 0x00000000f5580000, 0x00000000f5580000)
  object space 349696K, 99% used [0x00000000e0000000,0x00000000f557fef8,0x00000000f5580000)
 Metaspace       used 55697K, committed 56512K, reserved 1105920K
  class space    used 5465K, committed 5760K, reserved 1048576K
}
Event: 1173.197 GC heap after
{Heap after GC invocations=696 (full 616):
 PSYoungGen      total 34304K, used 25599K [0x00000000f5580000, 0x00000000f8480000, 0x0000000100000000)
  eden space 25600K, 99% used [0x00000000f5580000,0x00000000f6e7fff8,0x00000000f6e80000)
  from space 8704K, 0% used [0x00000000f7c00000,0x00000000f7c00000,0x00000000f8480000)
  to   space 10752K, 0% used [0x00000000f6e80000,0x00000000f6e80000,0x00000000f7900000)
 ParOldGen       total 349696K, used 349694K [0x00000000e0000000, 0x00000000f5580000, 0x00000000f5580000)
  object space 349696K, 99% used [0x00000000e0000000,0x00000000f557f948,0x00000000f5580000)
 Metaspace       used 55697K, committed 56512K, reserved 1105920K
  class space    used 5465K, committed 5760K, reserved 1048576K
}
Event: 1173.197 GC heap before
{Heap before GC invocations=697 (full 617):
 PSYoungGen      total 34304K, used 25599K [0x00000000f5580000, 0x00000000f8480000, 0x0000000100000000)
  eden space 25600K, 99% used [0x00000000f5580000,0x00000000f6e7fff8,0x00000000f6e80000)
  from space 8704K, 0% used [0x00000000f7c00000,0x00000000f7c00000,0x00000000f8480000)
  to   space 10752K, 0% used [0x00000000f6e80000,0x00000000f6e80000,0x00000000f7900000)
 ParOldGen       total 349696K, used 349695K [0x00000000e0000000, 0x00000000f5580000, 0x00000000f5580000)
  object space 349696K, 99% used [0x00000000e0000000,0x00000000f557feb8,0x00000000f5580000)
 Metaspace       used 55697K, committed 56512K, reserved 1105920K
  class space    used 5465K, committed 5760K, reserved 1048576K
}
Event: 1174.774 GC heap after
{Heap after GC invocations=697 (full 617):
 PSYoungGen      total 36352K, used 25599K [0x00000000f5580000, 0x00000000f8480000, 0x0000000100000000)
  eden space 25600K, 99% used [0x00000000f5580000,0x00000000f6e7ffe0,0x00000000f6e80000)
  from space 10752K, 0% used [0x00000000f6e80000,0x00000000f6e80000,0x00000000f7900000)
  to   space 8704K, 0% used [0x00000000f7c00000,0x00000000f7c00000,0x00000000f8480000)
 ParOldGen       total 349696K, used 349694K [0x00000000e0000000, 0x00000000f5580000, 0x00000000f5580000)
  object space 349696K, 99% used [0x00000000e0000000,0x00000000f557f9f0,0x00000000f5580000)
 Metaspace       used 55697K, committed 56512K, reserved 1105920K
  class space    used 5465K, committed 5760K, reserved 1048576K
}
Event: 1174.774 GC heap before
{Heap before GC invocations=698 (full 618):
 PSYoungGen      total 36352K, used 25599K [0x00000000f5580000, 0x00000000f8480000, 0x0000000100000000)
  eden space 25600K, 99% used [0x00000000f5580000,0x00000000f6e7fff0,0x00000000f6e80000)
  from space 10752K, 0% used [0x00000000f6e80000,0x00000000f6e80000,0x00000000f7900000)
  to   space 8704K, 0% used [0x00000000f7c00000,0x00000000f7c00000,0x00000000f8480000)
 ParOldGen       total 349696K, used 349694K [0x00000000e0000000, 0x00000000f5580000, 0x00000000f5580000)
  object space 349696K, 99% used [0x00000000e0000000,0x00000000f557f9f0,0x00000000f5580000)
 Metaspace       used 55697K, committed 56512K, reserved 1105920K
  class space    used 5465K, committed 5760K, reserved 1048576K
}
Event: 1176.581 GC heap after
{Heap after GC invocations=698 (full 618):
 PSYoungGen      total 34304K, used 25599K [0x00000000f5580000, 0x00000000f8480000, 0x0000000100000000)
  eden space 25600K, 99% used [0x00000000f5580000,0x00000000f6e7ffe0,0x00000000f6e80000)
  from space 8704K, 0% used [0x00000000f7c00000,0x00000000f7c00000,0x00000000f8480000)
  to   space 10752K, 0% used [0x00000000f6e80000,0x00000000f6e80000,0x00000000f7900000)
 ParOldGen       total 349696K, used 349694K [0x00000000e0000000, 0x00000000f5580000, 0x00000000f5580000)
  object space 349696K, 99% used [0x00000000e0000000,0x00000000f557f9f0,0x00000000f5580000)
 Metaspace       used 55697K, committed 56512K, reserved 1105920K
  class space    used 5465K, committed 5760K, reserved 1048576K
}
Event: 1176.581 GC heap before
{Heap before GC invocations=699 (full 619):
 PSYoungGen      total 34304K, used 25599K [0x00000000f5580000, 0x00000000f8480000, 0x0000000100000000)
  eden space 25600K, 99% used [0x00000000f5580000,0x00000000f6e7fff8,0x00000000f6e80000)
  from space 8704K, 0% used [0x00000000f7c00000,0x00000000f7c00000,0x00000000f8480000)
  to   space 10752K, 0% used [0x00000000f6e80000,0x00000000f6e80000,0x00000000f7900000)
 ParOldGen       total 349696K, used 349694K [0x00000000e0000000, 0x00000000f5580000, 0x00000000f5580000)
  object space 349696K, 99% used [0x00000000e0000000,0x00000000f557f9f0,0x00000000f5580000)
 Metaspace       used 55697K, committed 56512K, reserved 1105920K
  class space    used 5465K, committed 5760K, reserved 1048576K
}
Event: 1178.270 GC heap after
{Heap after GC invocations=699 (full 619):
 PSYoungGen      total 36352K, used 25599K [0x00000000f5580000, 0x00000000f8480000, 0x0000000100000000)
  eden space 25600K, 99% used [0x00000000f5580000,0x00000000f6e7fff8,0x00000000f6e80000)
  from space 10752K, 0% used [0x00000000f6e80000,0x00000000f6e80000,0x00000000f7900000)
  to   space 8704K, 0% used [0x00000000f7c00000,0x00000000f7c00000,0x00000000f8480000)
 ParOldGen       total 349696K, used 349694K [0x00000000e0000000, 0x00000000f5580000, 0x00000000f5580000)
  object space 349696K, 99% used [0x00000000e0000000,0x00000000f557f9f0,0x00000000f5580000)
 Metaspace       used 55697K, committed 56512K, reserved 1105920K
  class space    used 5465K, committed 5760K, reserved 1048576K
}
Event: 1178.270 GC heap before
{Heap before GC invocations=700 (full 620):
 PSYoungGen      total 36352K, used 25599K [0x00000000f5580000, 0x00000000f8480000, 0x0000000100000000)
  eden space 25600K, 99% used [0x00000000f5580000,0x00000000f6e7fff8,0x00000000f6e80000)
  from space 10752K, 0% used [0x00000000f6e80000,0x00000000f6e80000,0x00000000f7900000)
  to   space 8704K, 0% used [0x00000000f7c00000,0x00000000f7c00000,0x00000000f8480000)
 ParOldGen       total 349696K, used 349694K [0x00000000e0000000, 0x00000000f5580000, 0x00000000f5580000)
  object space 349696K, 99% used [0x00000000e0000000,0x00000000f557f9f0,0x00000000f5580000)
 Metaspace       used 55697K, committed 56512K, reserved 1105920K
  class space    used 5465K, committed 5760K, reserved 1048576K
}
Event: 1179.869 GC heap after
{Heap after GC invocations=700 (full 620):
 PSYoungGen      total 34304K, used 25599K [0x00000000f5580000, 0x00000000f8480000, 0x0000000100000000)
  eden space 25600K, 99% used [0x00000000f5580000,0x00000000f6e7fff8,0x00000000f6e80000)
  from space 8704K, 0% used [0x00000000f7c00000,0x00000000f7c00000,0x00000000f8480000)
  to   space 10752K, 0% used [0x00000000f6e80000,0x00000000f6e80000,0x00000000f7900000)
 ParOldGen       total 349696K, used 349694K [0x00000000e0000000, 0x00000000f5580000, 0x00000000f5580000)
  object space 349696K, 99% used [0x00000000e0000000,0x00000000f557f9f0,0x00000000f5580000)
 Metaspace       used 55697K, committed 56512K, reserved 1105920K
  class space    used 5465K, committed 5760K, reserved 1048576K
}

