# JRE version: OpenJDK Runtime Environment GraalVM CE 22.3.0 (17.0.5+8) (build 17.0.5+8-jvmci-22.3-b08)
# Java VM: OpenJDK 64-Bit Server VM GraalVM CE 22.3.0 (17.0.5+8-jvmci-22.3-b08, mixed mode, sharing, tiered, jvmci, jvmci compiler, compressed oops, compressed class ptrs, parallel gc, linux-amd64)
GC Precious Log:
 CPUs: 8 total, 1 available
 Memory: 1024M
 Large Page Support: Disabled
 NUMA Support: Disabled
 Compressed Oops: Enabled (32-bit)
 Alignments: Space 512K, Generation 512K, Heap 2M
 Heap Min Capacity: 100M
 Heap Initial Capacity: 100M
 Heap Max Capacity: 512M
 Pre-touch: Disabled
 Parallel Workers: 1
Heap:
 PSYoungGen      total 35840K, used 19456K [0x00000000f5580000, 0x00000000f8980000, 0x0000000100000000)
  eden space 19456K, 100% used [0x00000000f5580000,0x00000000f6880000,0x00000000f6880000)
  from space 16384K, 0% used [0x00000000f6880000,0x00000000f6880000,0x00000000f7880000)
  to   space 16384K, 0% used [0x00000000f7880000,0x00000000f7880000,0x00000000f8880000)
 ParOldGen       total 349696K, used 349695K [0x00000000e0000000, 0x00000000f5580000, 0x00000000f5580000)
  object space 349696K, 99% used [0x00000000e0000000,0x00000000f557fff8,0x00000000f5580000)
 Metaspace       used 57008K, committed 57792K, reserved 1105920K
  class space    used 5234K, committed 5568K, reserved 1048576K
GC Heap History (20 events):
Event: 1007.428 GC heap before
{Heap before GC invocations=595 (full 445):
 PSYoungGen      total 35840K, used 19455K [0x00000000f5580000, 0x00000000f8980000, 0x0000000100000000)
  eden space 19456K, 99% used [0x00000000f5580000,0x00000000f687fff8,0x00000000f6880000)
  from space 16384K, 0% used [0x00000000f6880000,0x00000000f6880000,0x00000000f7880000)
  to   space 16384K, 0% used [0x00000000f7880000,0x00000000f7880000,0x00000000f8880000)
 ParOldGen       total 349696K, used 349695K [0x00000000e0000000, 0x00000000f5580000, 0x00000000f5580000)
  object space 349696K, 99% used [0x00000000e0000000,0x00000000f557fe28,0x00000000f5580000)
 Metaspace       used 57008K, committed 57792K, reserved 1105920K
  class space    used 5234K, committed 5568K, reserved 1048576K
}
Event: 1008.785 GC heap after
{Heap after GC invocations=595 (full 445):
 PSYoungGen      total 35840K, used 19455K [0x00000000f5580000, 0x00000000f8980000, 0x0000000100000000)
  eden space 19456K, 99% used [0x00000000f5580000,0x00000000f687ffe8,0x00000000f6880000)
  from space 16384K, 0% used [0x00000000f7880000,0x00000000f7880000,0x00000000f8880000)
  to   space 16384K, 0% used [0x00000000f6880000,0x00000000f6880000,0x00000000f7880000)
 ParOldGen       total 349696K, used 349695K [0x00000000e0000000, 0x00000000f5580000, 0x00000000f5580000)
  object space 349696K, 99% used [0x00000000e0000000,0x00000000f557fe28,0x00000000f5580000)
 Metaspace       used 57008K, committed 57792K, reserved 1105920K
  class space    used 5234K, committed 5568K, reserved 1048576K
}
Event: 1008.786 GC heap before
{Heap before GC invocations=596 (full 446):
 PSYoungGen      total 35840K, used 19455K [0x00000000f5580000, 0x00000000f8980000, 0x0000000100000000)
  eden space 19456K, 99% used [0x00000000f5580000,0x00000000f687fff8,0x00000000f6880000)
  from space 16384K, 0% used [0x00000000f7880000,0x00000000f7880000,0x00000000f8880000)
  to   space 16384K, 0% used [0x00000000f6880000,0x00000000f6880000,0x00000000f7880000)
 ParOldGen       total 349696K, used 349695K [0x00000000e0000000, 0x00000000f5580000, 0x00000000f5580000)
  object space 349696K, 99% used [0x00000000e0000000,0x00000000f557fe28,0x00000000f5580000)
 Metaspace       used 57008K, committed 57792K, reserved 1105920K
  class space    used 5234K, committed 5568K, reserved 1048576K
}
Event: 1010.280 GC heap after
{Heap after GC invocations=596 (full 446):
 PSYoungGen      total 35840K, used 19455K [0x00000000f5580000, 0x00000000f8980000, 0x0000000100000000)
  eden space 19456K, 99% used [0x00000000f5580000,0x00000000f687ffe8,0x00000000f6880000)
  from space 16384K, 0% used [0x00000000f6880000,0x00000000f6880000,0x00000000f7880000)
  to   space 16384K, 0% used [0x00000000f7880000,0x00000000f7880000,0x00000000f8880000)
 ParOldGen       total 349696K, used 349695K [0x00000000e0000000, 0x00000000f5580000, 0x00000000f5580000)
  object space 349696K, 99% used [0x00000000e0000000,0x00000000f557fe28,0x00000000f5580000)
 Metaspace       used 57008K, committed 57792K, reserved 1105920K
  class space    used 5234K, committed 5568K, reserved 1048576K
}
Event: 1010.280 GC heap before
{Heap before GC invocations=597 (full 447):
 PSYoungGen      total 35840K, used 19455K [0x00000000f5580000, 0x00000000f8980000, 0x0000000100000000)
  eden space 19456K, 99% used [0x00000000f5580000,0x00000000f687fff8,0x00000000f6880000)
  from space 16384K, 0% used [0x00000000f6880000,0x00000000f6880000,0x00000000f7880000)
  to   space 16384K, 0% used [0x00000000f7880000,0x00000000f7880000,0x00000000f8880000)
 ParOldGen       total 349696K, used 349695K [0x00000000e0000000, 0x00000000f5580000, 0x00000000f5580000)
  object space 349696K, 99% used [0x00000000e0000000,0x00000000f557fe28,0x00000000f5580000)
 Metaspace       used 57008K, committed 57792K, reserved 1105920K
  class space    used 5234K, committed 5568K, reserved 1048576K
}
Event: 1011.493 GC heap after
{Heap after GC invocations=597 (full 447):
 PSYoungGen      total 35840K, used 19455K [0x00000000f5580000, 0x00000000f8980000, 0x0000000100000000)
  eden space 19456K, 99% used [0x00000000f5580000,0x00000000f687ffe8,0x00000000f6880000)
  from space 16384K, 0% used [0x00000000f7880000,0x00000000f7880000,0x00000000f8880000)
  to   space 16384K, 0% used [0x00000000f6880000,0x00000000f6880000,0x00000000f7880000)
 ParOldGen       total 349696K, used 349695K [0x00000000e0000000, 0x00000000f5580000, 0x00000000f5580000)
  object space 349696K, 99% used [0x00000000e0000000,0x00000000f557fe28,0x00000000f5580000)
 Metaspace       used 57008K, committed 57792K, reserved 1105920K
  class space    used 5234K, committed 5568K, reserved 1048576K
}
Event: 1011.493 GC heap before
{Heap before GC invocations=598 (full 448):
 PSYoungGen      total 35840K, used 19455K [0x00000000f5580000, 0x00000000f8980000, 0x0000000100000000)
  eden space 19456K, 99% used [0x00000000f5580000,0x00000000f687fff8,0x00000000f6880000)
  from space 16384K, 0% used [0x00000000f7880000,0x00000000f7880000,0x00000000f8880000)
  to   space 16384K, 0% used [0x00000000f6880000,0x00000000f6880000,0x00000000f7880000)
 ParOldGen       total 349696K, used 349695K [0x00000000e0000000, 0x00000000f5580000, 0x00000000f5580000)
  object space 349696K, 99% used [0x00000000e0000000,0x00000000f557fe28,0x00000000f5580000)
 Metaspace       used 57008K, committed 57792K, reserved 1105920K
  class space    used 5234K, committed 5568K, reserved 1048576K
}
Event: 1013.019 GC heap after
{Heap after GC invocations=598 (full 448):
 PSYoungGen      total 35840K, used 19455K [0x00000000f5580000, 0x00000000f8980000, 0x0000000100000000)
  eden space 19456K, 99% used [0x00000000f5580000,0x00000000f687ffe8,0x00000000f6880000)
  from space 16384K, 0% used [0x00000000f6880000,0x00000000f6880000,0x00000000f7880000)
  to   space 16384K, 0% used [0x00000000f7880000,0x00000000f7880000,0x00000000f8880000)
 ParOldGen       total 349696K, used 349695K [0x00000000e0000000, 0x00000000f5580000, 0x00000000f5580000)
  object space 349696K, 99% used [0x00000000e0000000,0x00000000f557fe28,0x00000000f5580000)
 Metaspace       used 57008K, committed 57792K, reserved 1105920K
  class space    used 5234K, committed 5568K, reserved 1048576K
}
Event: 1013.075 GC heap before
{Heap before GC invocations=599 (full 449):
 PSYoungGen      total 35840K, used 19455K [0x00000000f5580000, 0x00000000f8980000, 0x0000000100000000)
  eden space 19456K, 99% used [0x00000000f5580000,0x00000000f687fff8,0x00000000f6880000)
  from space 16384K, 0% used [0x00000000f6880000,0x00000000f6880000,0x00000000f7880000)
  to   space 16384K, 0% used [0x00000000f7880000,0x00000000f7880000,0x00000000f8880000)
 ParOldGen       total 349696K, used 349695K [0x00000000e0000000, 0x00000000f5580000, 0x00000000f5580000)
  object space 349696K, 99% used [0x00000000e0000000,0x00000000f557fe28,0x00000000f5580000)
 Metaspace       used 57008K, committed 57792K, reserved 1105920K
  class space    used 5234K, committed 5568K, reserved 1048576K
}
Event: 1014.315 GC heap after
{Heap after GC invocations=599 (full 449):
 PSYoungGen      total 35840K, used 19455K [0x00000000f5580000, 0x00000000f8980000, 0x0000000100000000)
  eden space 19456K, 99% used [0x00000000f5580000,0x00000000f687ffe8,0x00000000f6880000)
  from space 16384K, 0% used [0x00000000f7880000,0x00000000f7880000,0x00000000f8880000)
  to   space 16384K, 0% used [0x00000000f6880000,0x00000000f6880000,0x00000000f7880000)
 ParOldGen       total 349696K, used 349695K [0x00000000e0000000, 0x00000000f5580000, 0x00000000f5580000)
  object space 349696K, 99% used [0x00000000e0000000,0x00000000f557fe28,0x00000000f5580000)
 Metaspace       used 57008K, committed 57792K, reserved 1105920K
  class space    used 5234K, committed 5568K, reserved 1048576K
}
Event: 1014.316 GC heap before
{Heap before GC invocations=600 (full 450):
 PSYoungGen      total 35840K, used 19455K [0x00000000f5580000, 0x00000000f8980000, 0x0000000100000000)
  eden space 19456K, 99% used [0x00000000f5580000,0x00000000f687fff8,0x00000000f6880000)
  from space 16384K, 0% used [0x00000000f7880000,0x00000000f7880000,0x00000000f8880000)
  to   space 16384K, 0% used [0x00000000f6880000,0x00000000f6880000,0x00000000f7880000)
 ParOldGen       total 349696K, used 349695K [0x00000000e0000000, 0x00000000f5580000, 0x00000000f5580000)
  object space 349696K, 99% used [0x00000000e0000000,0x00000000f557fe28,0x00000000f5580000)
 Metaspace       used 57008K, committed 57792K, reserved 1105920K
  class space    used 5234K, committed 5568K, reserved 1048576K
}
Event: 1015.733 GC heap after
{Heap after GC invocations=600 (full 450):
 PSYoungGen      total 35840K, used 19455K [0x00000000f5580000, 0x00000000f8980000, 0x0000000100000000)
  eden space 19456K, 99% used [0x00000000f5580000,0x00000000f687ffe8,0x00000000f6880000)
  from space 16384K, 0% used [0x00000000f6880000,0x00000000f6880000,0x00000000f7880000)
  to   space 16384K, 0% used [0x00000000f7880000,0x00000000f7880000,0x00000000f8880000)
 ParOldGen       total 349696K, used 349695K [0x00000000e0000000, 0x00000000f5580000, 0x00000000f5580000)
  object space 349696K, 99% used [0x00000000e0000000,0x00000000f557fe28,0x00000000f5580000)
 Metaspace       used 57008K, committed 57792K, reserved 1105920K
  class space    used 5234K, committed 5568K, reserved 1048576K
}
Event: 1015.736 GC heap before
{Heap before GC invocations=601 (full 451):
 PSYoungGen      total 35840K, used 19455K [0x00000000f5580000, 0x00000000f8980000, 0x0000000100000000)
  eden space 19456K, 99% used [0x00000000f5580000,0x00000000f687fff8,0x00000000f6880000)
  from space 16384K, 0% used [0x00000000f6880000,0x00000000f6880000,0x00000000f7880000)
  to   space 16384K, 0% used [0x00000000f7880000,0x00000000f7880000,0x00000000f8880000)
 ParOldGen       total 349696K, used 349695K [0x00000000e0000000, 0x00000000f5580000, 0x00000000f5580000)
  object space 349696K, 99% used [0x00000000e0000000,0x00000000f557fe28,0x00000000f5580000)
 Metaspace       used 57008K, committed 57792K, reserved 1105920K
  class space    used 5234K, committed 5568K, reserved 1048576K
}
Event: 1017.100 GC heap after
{Heap after GC invocations=601 (full 451):
 PSYoungGen      total 35840K, used 19455K [0x00000000f5580000, 0x00000000f8980000, 0x0000000100000000)
  eden space 19456K, 99% used [0x00000000f5580000,0x00000000f687ffe8,0x00000000f6880000)
  from space 16384K, 0% used [0x00000000f7880000,0x00000000f7880000,0x00000000f8880000)
  to   space 16384K, 0% used [0x00000000f6880000,0x00000000f6880000,0x00000000f7880000)
 ParOldGen       total 349696K, used 349695K [0x00000000e0000000, 0x00000000f5580000, 0x00000000f5580000)
  object space 349696K, 99% used [0x00000000e0000000,0x00000000f557fe28,0x00000000f5580000)
 Metaspace       used 57008K, committed 57792K, reserved 1105920K
  class space    used 5234K, committed 5568K, reserved 1048576K
}
Event: 1017.101 GC heap before
{Heap before GC invocations=602 (full 452):
 PSYoungGen      total 35840K, used 19455K [0x00000000f5580000, 0x00000000f8980000, 0x0000000100000000)
  eden space 19456K, 99% used [0x00000000f5580000,0x00000000f687fff8,0x00000000f6880000)
  from space 16384K, 0% used [0x00000000f7880000,0x00000000f7880000,0x00000000f8880000)
  to   space 16384K, 0% used [0x00000000f6880000,0x00000000f6880000,0x00000000f7880000)
 ParOldGen       total 349696K, used 349695K [0x00000000e0000000, 0x00000000f5580000, 0x00000000f5580000)
  object space 349696K, 99% used [0x00000000e0000000,0x00000000f557fe28,0x00000000f5580000)
 Metaspace       used 57008K, committed 57792K, reserved 1105920K
  class space    used 5234K, committed 5568K, reserved 1048576K
}
Event: 1018.515 GC heap after
{Heap after GC invocations=602 (full 452):
 PSYoungGen      total 35840K, used 19455K [0x00000000f5580000, 0x00000000f8980000, 0x0000000100000000)
  eden space 19456K, 99% used [0x00000000f5580000,0x00000000f687ffe8,0x00000000f6880000)
  from space 16384K, 0% used [0x00000000f6880000,0x00000000f6880000,0x00000000f7880000)
  to   space 16384K, 0% used [0x00000000f7880000,0x00000000f7880000,0x00000000f8880000)
 ParOldGen       total 349696K, used 349695K [0x00000000e0000000, 0x00000000f5580000, 0x00000000f5580000)
  object space 349696K, 99% used [0x00000000e0000000,0x00000000f557fe28,0x00000000f5580000)
 Metaspace       used 57008K, committed 57792K, reserved 1105920K
  class space    used 5234K, committed 5568K, reserved 1048576K
}
Event: 1018.516 GC heap before
{Heap before GC invocations=603 (full 453):
 PSYoungGen      total 35840K, used 19455K [0x00000000f5580000, 0x00000000f8980000, 0x0000000100000000)
  eden space 19456K, 99% used [0x00000000f5580000,0x00000000f687fff8,0x00000000f6880000)
  from space 16384K, 0% used [0x00000000f6880000,0x00000000f6880000,0x00000000f7880000)
  to   space 16384K, 0% used [0x00000000f7880000,0x00000000f7880000,0x00000000f8880000)
 ParOldGen       total 349696K, used 349695K [0x00000000e0000000, 0x00000000f5580000, 0x00000000f5580000)
  object space 349696K, 99% used [0x00000000e0000000,0x00000000f557ffc0,0x00000000f5580000)
 Metaspace       used 57008K, committed 57792K, reserved 1105920K
  class space    used 5234K, committed 5568K, reserved 1048576K
}
Event: 1019.991 GC heap after
{Heap after GC invocations=603 (full 453):
 PSYoungGen      total 35840K, used 19455K [0x00000000f5580000, 0x00000000f8980000, 0x0000000100000000)
  eden space 19456K, 99% used [0x00000000f5580000,0x00000000f687ffe8,0x00000000f6880000)
  from space 16384K, 0% used [0x00000000f7880000,0x00000000f7880000,0x00000000f8880000)
  to   space 16384K, 0% used [0x00000000f6880000,0x00000000f6880000,0x00000000f7880000)
 ParOldGen       total 349696K, used 349695K [0x00000000e0000000, 0x00000000f5580000, 0x00000000f5580000)
  object space 349696K, 99% used [0x00000000e0000000,0x00000000f557ffa0,0x00000000f5580000)
 Metaspace       used 57008K, committed 57792K, reserved 1105920K
  class space    used 5234K, committed 5568K, reserved 1048576K
}
Event: 1019.991 GC heap before
{Heap before GC invocations=604 (full 454):
 PSYoungGen      total 35840K, used 19455K [0x00000000f5580000, 0x00000000f8980000, 0x0000000100000000)
  eden space 19456K, 99% used [0x00000000f5580000,0x00000000f687ffe8,0x00000000f6880000)
  from space 16384K, 0% used [0x00000000f7880000,0x00000000f7880000,0x00000000f8880000)
  to   space 16384K, 0% used [0x00000000f6880000,0x00000000f6880000,0x00000000f7880000)
 ParOldGen       total 349696K, used 349695K [0x00000000e0000000, 0x00000000f5580000, 0x00000000f5580000)
  object space 349696K, 99% used [0x00000000e0000000,0x00000000f557ffa0,0x00000000f5580000)
 Metaspace       used 57008K, committed 57792K, reserved 1105920K
  class space    used 5234K, committed 5568K, reserved 1048576K
}
Event: 1021.396 GC heap after
{Heap after GC invocations=604 (full 454):
 PSYoungGen      total 35840K, used 19455K [0x00000000f5580000, 0x00000000f8980000, 0x0000000100000000)
  eden space 19456K, 99% used [0x00000000f5580000,0x00000000f687ffe8,0x00000000f6880000)
  from space 16384K, 0% used [0x00000000f6880000,0x00000000f6880000,0x00000000f7880000)
  to   space 16384K, 0% used [0x00000000f7880000,0x00000000f7880000,0x00000000f8880000)
 ParOldGen       total 349696K, used 349695K [0x00000000e0000000, 0x00000000f5580000, 0x00000000f5580000)
  object space 349696K, 99% used [0x00000000e0000000,0x00000000f557ffa0,0x00000000f5580000)
 Metaspace       used 57008K, committed 57792K, reserved 1105920K
  class space    used 5234K, committed 5568K, reserved 1048576K
}

